Build started 11/23/2011 11:00:44 PM.
Project "c:\Users\Alma\documents\visual studio 2010\Projects\scan-for-tokens\scan-for-tokens\scan-for-tokens.vcxproj" on node 2 (build target(s)).
InitializeBuildStatus:
  Creating "Debug\scan-for-tokens.unsuccessfulbuild" because "AlwaysCreate" was specified.
ClCompile:
  All outputs are up-to-date.
  C:\Program Files\Microsoft Visual Studio 10.0\VC\bin\CL.exe /c /ZI /nologo /W3 /WX- /Od /Oy- /D WIN32 /D _DEBUG /D _CONSOLE /D _UNICODE /D UNICODE /Gm /EHsc /RTC1 /MDd /GS /fp:precise /Zc:wchar_t /Zc:forScope /Yu"StdAfx.h" /Fp"Debug\scan-for-tokens.pch" /Fo"Debug\\" /Fd"Debug\vc100.pdb" /Gd /TP /analyze- /errorReport:prompt "scan-for-tokens.cpp"
  scan-for-tokens.cpp
c:\users\alma\documents\visual studio 2010\projects\scan-for-tokens\scan-for-tokens\scan-for-tokens.cpp(44): warning C4996: 'strcpy': This function or variable may be unsafe. Consider using strcpy_s instead. To disable deprecation, use _CRT_SECURE_NO_WARNINGS. See online help for details.
          c:\program files\microsoft visual studio 10.0\vc\include\string.h(105) : see declaration of 'strcpy'
c:\users\alma\documents\visual studio 2010\projects\scan-for-tokens\scan-for-tokens\scan-for-tokens.cpp(45): warning C4996: 'strcpy': This function or variable may be unsafe. Consider using strcpy_s instead. To disable deprecation, use _CRT_SECURE_NO_WARNINGS. See online help for details.
          c:\program files\microsoft visual studio 10.0\vc\include\string.h(105) : see declaration of 'strcpy'
c:\users\alma\documents\visual studio 2010\projects\scan-for-tokens\scan-for-tokens\scan-for-tokens.cpp(46): warning C4996: 'strcpy': This function or variable may be unsafe. Consider using strcpy_s instead. To disable deprecation, use _CRT_SECURE_NO_WARNINGS. See online help for details.
          c:\program files\microsoft visual studio 10.0\vc\include\string.h(105) : see declaration of 'strcpy'
c:\users\alma\documents\visual studio 2010\projects\scan-for-tokens\scan-for-tokens\scan-for-tokens.cpp(47): warning C4996: 'strcpy': This function or variable may be unsafe. Consider using strcpy_s instead. To disable deprecation, use _CRT_SECURE_NO_WARNINGS. See online help for details.
          c:\program files\microsoft visual studio 10.0\vc\include\string.h(105) : see declaration of 'strcpy'
c:\users\alma\documents\visual studio 2010\projects\scan-for-tokens\scan-for-tokens\scan-for-tokens.cpp(48): warning C4996: 'strcpy': This function or variable may be unsafe. Consider using strcpy_s instead. To disable deprecation, use _CRT_SECURE_NO_WARNINGS. See online help for details.
          c:\program files\microsoft visual studio 10.0\vc\include\string.h(105) : see declaration of 'strcpy'
c:\users\alma\documents\visual studio 2010\projects\scan-for-tokens\scan-for-tokens\scan-for-tokens.cpp(49): warning C4996: 'strcpy': This function or variable may be unsafe. Consider using strcpy_s instead. To disable deprecation, use _CRT_SECURE_NO_WARNINGS. See online help for details.
          c:\program files\microsoft visual studio 10.0\vc\include\string.h(105) : see declaration of 'strcpy'
c:\users\alma\documents\visual studio 2010\projects\scan-for-tokens\scan-for-tokens\scan-for-tokens.cpp(50): warning C4996: 'strcpy': This function or variable may be unsafe. Consider using strcpy_s instead. To disable deprecation, use _CRT_SECURE_NO_WARNINGS. See online help for details.
          c:\program files\microsoft visual studio 10.0\vc\include\string.h(105) : see declaration of 'strcpy'
c:\users\alma\documents\visual studio 2010\projects\scan-for-tokens\scan-for-tokens\scan-for-tokens.cpp(51): warning C4996: 'strcpy': This function or variable may be unsafe. Consider using strcpy_s instead. To disable deprecation, use _CRT_SECURE_NO_WARNINGS. See online help for details.
          c:\program files\microsoft visual studio 10.0\vc\include\string.h(105) : see declaration of 'strcpy'
c:\users\alma\documents\visual studio 2010\projects\scan-for-tokens\scan-for-tokens\scan-for-tokens.cpp(52): warning C4996: 'strcpy': This function or variable may be unsafe. Consider using strcpy_s instead. To disable deprecation, use _CRT_SECURE_NO_WARNINGS. See online help for details.
          c:\program files\microsoft visual studio 10.0\vc\include\string.h(105) : see declaration of 'strcpy'
c:\users\alma\documents\visual studio 2010\projects\scan-for-tokens\scan-for-tokens\scan-for-tokens.cpp(53): warning C4996: 'strcpy': This function or variable may be unsafe. Consider using strcpy_s instead. To disable deprecation, use _CRT_SECURE_NO_WARNINGS. See online help for details.
          c:\program files\microsoft visual studio 10.0\vc\include\string.h(105) : see declaration of 'strcpy'
c:\users\alma\documents\visual studio 2010\projects\scan-for-tokens\scan-for-tokens\scan-for-tokens.cpp(54): warning C4996: 'strcpy': This function or variable may be unsafe. Consider using strcpy_s instead. To disable deprecation, use _CRT_SECURE_NO_WARNINGS. See online help for details.
          c:\program files\microsoft visual studio 10.0\vc\include\string.h(105) : see declaration of 'strcpy'
c:\users\alma\documents\visual studio 2010\projects\scan-for-tokens\scan-for-tokens\scan-for-tokens.cpp(55): warning C4996: 'strcpy': This function or variable may be unsafe. Consider using strcpy_s instead. To disable deprecation, use _CRT_SECURE_NO_WARNINGS. See online help for details.
          c:\program files\microsoft visual studio 10.0\vc\include\string.h(105) : see declaration of 'strcpy'
c:\users\alma\documents\visual studio 2010\projects\scan-for-tokens\scan-for-tokens\scan-for-tokens.cpp(56): warning C4996: 'strcpy': This function or variable may be unsafe. Consider using strcpy_s instead. To disable deprecation, use _CRT_SECURE_NO_WARNINGS. See online help for details.
          c:\program files\microsoft visual studio 10.0\vc\include\string.h(105) : see declaration of 'strcpy'
c:\users\alma\documents\visual studio 2010\projects\scan-for-tokens\scan-for-tokens\scan-for-tokens.cpp(57): warning C4996: 'strcpy': This function or variable may be unsafe. Consider using strcpy_s instead. To disable deprecation, use _CRT_SECURE_NO_WARNINGS. See online help for details.
          c:\program files\microsoft visual studio 10.0\vc\include\string.h(105) : see declaration of 'strcpy'
c:\users\alma\documents\visual studio 2010\projects\scan-for-tokens\scan-for-tokens\scan-for-tokens.cpp(58): warning C4996: 'strcpy': This function or variable may be unsafe. Consider using strcpy_s instead. To disable deprecation, use _CRT_SECURE_NO_WARNINGS. See online help for details.
          c:\program files\microsoft visual studio 10.0\vc\include\string.h(105) : see declaration of 'strcpy'
c:\users\alma\documents\visual studio 2010\projects\scan-for-tokens\scan-for-tokens\scan-for-tokens.cpp(59): warning C4996: 'strcpy': This function or variable may be unsafe. Consider using strcpy_s instead. To disable deprecation, use _CRT_SECURE_NO_WARNINGS. See online help for details.
          c:\program files\microsoft visual studio 10.0\vc\include\string.h(105) : see declaration of 'strcpy'
c:\users\alma\documents\visual studio 2010\projects\scan-for-tokens\scan-for-tokens\scan-for-tokens.cpp(60): warning C4996: 'strcpy': This function or variable may be unsafe. Consider using strcpy_s instead. To disable deprecation, use _CRT_SECURE_NO_WARNINGS. See online help for details.
          c:\program files\microsoft visual studio 10.0\vc\include\string.h(105) : see declaration of 'strcpy'
c:\users\alma\documents\visual studio 2010\projects\scan-for-tokens\scan-for-tokens\scan-for-tokens.cpp(61): warning C4996: 'strcpy': This function or variable may be unsafe. Consider using strcpy_s instead. To disable deprecation, use _CRT_SECURE_NO_WARNINGS. See online help for details.
          c:\program files\microsoft visual studio 10.0\vc\include\string.h(105) : see declaration of 'strcpy'
c:\users\alma\documents\visual studio 2010\projects\scan-for-tokens\scan-for-tokens\scan-for-tokens.cpp(62): warning C4996: 'strcpy': This function or variable may be unsafe. Consider using strcpy_s instead. To disable deprecation, use _CRT_SECURE_NO_WARNINGS. See online help for details.
          c:\program files\microsoft visual studio 10.0\vc\include\string.h(105) : see declaration of 'strcpy'
c:\users\alma\documents\visual studio 2010\projects\scan-for-tokens\scan-for-tokens\scan-for-tokens.cpp(63): warning C4996: 'strcpy': This function or variable may be unsafe. Consider using strcpy_s instead. To disable deprecation, use _CRT_SECURE_NO_WARNINGS. See online help for details.
          c:\program files\microsoft visual studio 10.0\vc\include\string.h(105) : see declaration of 'strcpy'
c:\users\alma\documents\visual studio 2010\projects\scan-for-tokens\scan-for-tokens\scan-for-tokens.cpp(64): warning C4996: 'strcpy': This function or variable may be unsafe. Consider using strcpy_s instead. To disable deprecation, use _CRT_SECURE_NO_WARNINGS. See online help for details.
          c:\program files\microsoft visual studio 10.0\vc\include\string.h(105) : see declaration of 'strcpy'
c:\users\alma\documents\visual studio 2010\projects\scan-for-tokens\scan-for-tokens\scan-for-tokens.cpp(65): warning C4996: 'strcpy': This function or variable may be unsafe. Consider using strcpy_s instead. To disable deprecation, use _CRT_SECURE_NO_WARNINGS. See online help for details.
          c:\program files\microsoft visual studio 10.0\vc\include\string.h(105) : see declaration of 'strcpy'
c:\users\alma\documents\visual studio 2010\projects\scan-for-tokens\scan-for-tokens\scan-for-tokens.cpp(66): warning C4996: 'strcpy': This function or variable may be unsafe. Consider using strcpy_s instead. To disable deprecation, use _CRT_SECURE_NO_WARNINGS. See online help for details.
          c:\program files\microsoft visual studio 10.0\vc\include\string.h(105) : see declaration of 'strcpy'
c:\users\alma\documents\visual studio 2010\projects\scan-for-tokens\scan-for-tokens\scan-for-tokens.cpp(67): warning C4996: 'strcpy': This function or variable may be unsafe. Consider using strcpy_s instead. To disable deprecation, use _CRT_SECURE_NO_WARNINGS. See online help for details.
          c:\program files\microsoft visual studio 10.0\vc\include\string.h(105) : see declaration of 'strcpy'
c:\users\alma\documents\visual studio 2010\projects\scan-for-tokens\scan-for-tokens\scan-for-tokens.cpp(68): warning C4996: 'strcpy': This function or variable may be unsafe. Consider using strcpy_s instead. To disable deprecation, use _CRT_SECURE_NO_WARNINGS. See online help for details.
          c:\program files\microsoft visual studio 10.0\vc\include\string.h(105) : see declaration of 'strcpy'
c:\users\alma\documents\visual studio 2010\projects\scan-for-tokens\scan-for-tokens\scan-for-tokens.cpp(69): warning C4996: 'strcpy': This function or variable may be unsafe. Consider using strcpy_s instead. To disable deprecation, use _CRT_SECURE_NO_WARNINGS. See online help for details.
          c:\program files\microsoft visual studio 10.0\vc\include\string.h(105) : see declaration of 'strcpy'
c:\users\alma\documents\visual studio 2010\projects\scan-for-tokens\scan-for-tokens\scan-for-tokens.cpp(70): warning C4996: 'strcpy': This function or variable may be unsafe. Consider using strcpy_s instead. To disable deprecation, use _CRT_SECURE_NO_WARNINGS. See online help for details.
          c:\program files\microsoft visual studio 10.0\vc\include\string.h(105) : see declaration of 'strcpy'
c:\users\alma\documents\visual studio 2010\projects\scan-for-tokens\scan-for-tokens\scan-for-tokens.cpp(71): warning C4996: 'strcpy': This function or variable may be unsafe. Consider using strcpy_s instead. To disable deprecation, use _CRT_SECURE_NO_WARNINGS. See online help for details.
          c:\program files\microsoft visual studio 10.0\vc\include\string.h(105) : see declaration of 'strcpy'
c:\users\alma\documents\visual studio 2010\projects\scan-for-tokens\scan-for-tokens\scan-for-tokens.cpp(72): warning C4996: 'strcpy': This function or variable may be unsafe. Consider using strcpy_s instead. To disable deprecation, use _CRT_SECURE_NO_WARNINGS. See online help for details.
          c:\program files\microsoft visual studio 10.0\vc\include\string.h(105) : see declaration of 'strcpy'
c:\users\alma\documents\visual studio 2010\projects\scan-for-tokens\scan-for-tokens\scan-for-tokens.cpp(73): warning C4996: 'strcpy': This function or variable may be unsafe. Consider using strcpy_s instead. To disable deprecation, use _CRT_SECURE_NO_WARNINGS. See online help for details.
          c:\program files\microsoft visual studio 10.0\vc\include\string.h(105) : see declaration of 'strcpy'
c:\users\alma\documents\visual studio 2010\projects\scan-for-tokens\scan-for-tokens\scan-for-tokens.cpp(74): warning C4996: 'strcpy': This function or variable may be unsafe. Consider using strcpy_s instead. To disable deprecation, use _CRT_SECURE_NO_WARNINGS. See online help for details.
          c:\program files\microsoft visual studio 10.0\vc\include\string.h(105) : see declaration of 'strcpy'
c:\users\alma\documents\visual studio 2010\projects\scan-for-tokens\scan-for-tokens\scan-for-tokens.cpp(75): warning C4996: 'strcpy': This function or variable may be unsafe. Consider using strcpy_s instead. To disable deprecation, use _CRT_SECURE_NO_WARNINGS. See online help for details.
          c:\program files\microsoft visual studio 10.0\vc\include\string.h(105) : see declaration of 'strcpy'
c:\users\alma\documents\visual studio 2010\projects\scan-for-tokens\scan-for-tokens\scan-for-tokens.cpp(149): warning C4996: 'strcpy': This function or variable may be unsafe. Consider using strcpy_s instead. To disable deprecation, use _CRT_SECURE_NO_WARNINGS. See online help for details.
          c:\program files\microsoft visual studio 10.0\vc\include\string.h(105) : see declaration of 'strcpy'
c:\users\alma\documents\visual studio 2010\projects\scan-for-tokens\scan-for-tokens\scan-for-tokens.cpp(151): warning C4996: 'strcpy': This function or variable may be unsafe. Consider using strcpy_s instead. To disable deprecation, use _CRT_SECURE_NO_WARNINGS. See online help for details.
          c:\program files\microsoft visual studio 10.0\vc\include\string.h(105) : see declaration of 'strcpy'
c:\users\alma\documents\visual studio 2010\projects\scan-for-tokens\scan-for-tokens\scan-for-tokens.cpp(167): warning C4996: 'strcpy': This function or variable may be unsafe. Consider using strcpy_s instead. To disable deprecation, use _CRT_SECURE_NO_WARNINGS. See online help for details.
          c:\program files\microsoft visual studio 10.0\vc\include\string.h(105) : see declaration of 'strcpy'
c:\users\alma\documents\visual studio 2010\projects\scan-for-tokens\scan-for-tokens\scan-for-tokens.cpp(169): warning C4996: 'strcpy': This function or variable may be unsafe. Consider using strcpy_s instead. To disable deprecation, use _CRT_SECURE_NO_WARNINGS. See online help for details.
          c:\program files\microsoft visual studio 10.0\vc\include\string.h(105) : see declaration of 'strcpy'
c:\users\alma\documents\visual studio 2010\projects\scan-for-tokens\scan-for-tokens\scan-for-tokens.cpp(190): warning C4996: 'strcpy': This function or variable may be unsafe. Consider using strcpy_s instead. To disable deprecation, use _CRT_SECURE_NO_WARNINGS. See online help for details.
          c:\program files\microsoft visual studio 10.0\vc\include\string.h(105) : see declaration of 'strcpy'
c:\users\alma\documents\visual studio 2010\projects\scan-for-tokens\scan-for-tokens\scan-for-tokens.cpp(192): warning C4996: 'strcpy': This function or variable may be unsafe. Consider using strcpy_s instead. To disable deprecation, use _CRT_SECURE_NO_WARNINGS. See online help for details.
          c:\program files\microsoft visual studio 10.0\vc\include\string.h(105) : see declaration of 'strcpy'
c:\users\alma\documents\visual studio 2010\projects\scan-for-tokens\scan-for-tokens\scan-for-tokens.cpp(208): warning C4996: 'strcpy': This function or variable may be unsafe. Consider using strcpy_s instead. To disable deprecation, use _CRT_SECURE_NO_WARNINGS. See online help for details.
          c:\program files\microsoft visual studio 10.0\vc\include\string.h(105) : see declaration of 'strcpy'
c:\users\alma\documents\visual studio 2010\projects\scan-for-tokens\scan-for-tokens\scan-for-tokens.cpp(210): warning C4996: 'strcpy': This function or variable may be unsafe. Consider using strcpy_s instead. To disable deprecation, use _CRT_SECURE_NO_WARNINGS. See online help for details.
          c:\program files\microsoft visual studio 10.0\vc\include\string.h(105) : see declaration of 'strcpy'
c:\users\alma\documents\visual studio 2010\projects\scan-for-tokens\scan-for-tokens\scan-for-tokens.cpp(229): warning C4996: 'strcpy': This function or variable may be unsafe. Consider using strcpy_s instead. To disable deprecation, use _CRT_SECURE_NO_WARNINGS. See online help for details.
          c:\program files\microsoft visual studio 10.0\vc\include\string.h(105) : see declaration of 'strcpy'
c:\users\alma\documents\visual studio 2010\projects\scan-for-tokens\scan-for-tokens\scan-for-tokens.cpp(231): warning C4996: 'strcpy': This function or variable may be unsafe. Consider using strcpy_s instead. To disable deprecation, use _CRT_SECURE_NO_WARNINGS. See online help for details.
          c:\program files\microsoft visual studio 10.0\vc\include\string.h(105) : see declaration of 'strcpy'
c:\users\alma\documents\visual studio 2010\projects\scan-for-tokens\scan-for-tokens\scan-for-tokens.cpp(245): warning C4996: 'strcpy': This function or variable may be unsafe. Consider using strcpy_s instead. To disable deprecation, use _CRT_SECURE_NO_WARNINGS. See online help for details.
          c:\program files\microsoft visual studio 10.0\vc\include\string.h(105) : see declaration of 'strcpy'
c:\users\alma\documents\visual studio 2010\projects\scan-for-tokens\scan-for-tokens\scan-for-tokens.cpp(247): warning C4996: 'strcpy': This function or variable may be unsafe. Consider using strcpy_s instead. To disable deprecation, use _CRT_SECURE_NO_WARNINGS. See online help for details.
          c:\program files\microsoft visual studio 10.0\vc\include\string.h(105) : see declaration of 'strcpy'
c:\users\alma\documents\visual studio 2010\projects\scan-for-tokens\scan-for-tokens\scan-for-tokens.cpp(261): warning C4996: 'strcpy': This function or variable may be unsafe. Consider using strcpy_s instead. To disable deprecation, use _CRT_SECURE_NO_WARNINGS. See online help for details.
          c:\program files\microsoft visual studio 10.0\vc\include\string.h(105) : see declaration of 'strcpy'
c:\users\alma\documents\visual studio 2010\projects\scan-for-tokens\scan-for-tokens\scan-for-tokens.cpp(263): warning C4996: 'strcpy': This function or variable may be unsafe. Consider using strcpy_s instead. To disable deprecation, use _CRT_SECURE_NO_WARNINGS. See online help for details.
          c:\program files\microsoft visual studio 10.0\vc\include\string.h(105) : see declaration of 'strcpy'
c:\users\alma\documents\visual studio 2010\projects\scan-for-tokens\scan-for-tokens\scan-for-tokens.cpp(277): warning C4996: 'strcpy': This function or variable may be unsafe. Consider using strcpy_s instead. To disable deprecation, use _CRT_SECURE_NO_WARNINGS. See online help for details.
          c:\program files\microsoft visual studio 10.0\vc\include\string.h(105) : see declaration of 'strcpy'
c:\users\alma\documents\visual studio 2010\projects\scan-for-tokens\scan-for-tokens\scan-for-tokens.cpp(279): warning C4996: 'strcpy': This function or variable may be unsafe. Consider using strcpy_s instead. To disable deprecation, use _CRT_SECURE_NO_WARNINGS. See online help for details.
          c:\program files\microsoft visual studio 10.0\vc\include\string.h(105) : see declaration of 'strcpy'
c:\users\alma\documents\visual studio 2010\projects\scan-for-tokens\scan-for-tokens\scan-for-tokens.cpp(293): warning C4996: 'strcpy': This function or variable may be unsafe. Consider using strcpy_s instead. To disable deprecation, use _CRT_SECURE_NO_WARNINGS. See online help for details.
          c:\program files\microsoft visual studio 10.0\vc\include\string.h(105) : see declaration of 'strcpy'
c:\users\alma\documents\visual studio 2010\projects\scan-for-tokens\scan-for-tokens\scan-for-tokens.cpp(295): warning C4996: 'strcpy': This function or variable may be unsafe. Consider using strcpy_s instead. To disable deprecation, use _CRT_SECURE_NO_WARNINGS. See online help for details.
          c:\program files\microsoft visual studio 10.0\vc\include\string.h(105) : see declaration of 'strcpy'
c:\users\alma\documents\visual studio 2010\projects\scan-for-tokens\scan-for-tokens\scan-for-tokens.cpp(309): warning C4996: 'strcpy': This function or variable may be unsafe. Consider using strcpy_s instead. To disable deprecation, use _CRT_SECURE_NO_WARNINGS. See online help for details.
          c:\program files\microsoft visual studio 10.0\vc\include\string.h(105) : see declaration of 'strcpy'
c:\users\alma\documents\visual studio 2010\projects\scan-for-tokens\scan-for-tokens\scan-for-tokens.cpp(311): warning C4996: 'strcpy': This function or variable may be unsafe. Consider using strcpy_s instead. To disable deprecation, use _CRT_SECURE_NO_WARNINGS. See online help for details.
          c:\program files\microsoft visual studio 10.0\vc\include\string.h(105) : see declaration of 'strcpy'
c:\users\alma\documents\visual studio 2010\projects\scan-for-tokens\scan-for-tokens\scan-for-tokens.cpp(325): warning C4996: 'strcpy': This function or variable may be unsafe. Consider using strcpy_s instead. To disable deprecation, use _CRT_SECURE_NO_WARNINGS. See online help for details.
          c:\program files\microsoft visual studio 10.0\vc\include\string.h(105) : see declaration of 'strcpy'
c:\users\alma\documents\visual studio 2010\projects\scan-for-tokens\scan-for-tokens\scan-for-tokens.cpp(327): warning C4996: 'strcpy': This function or variable may be unsafe. Consider using strcpy_s instead. To disable deprecation, use _CRT_SECURE_NO_WARNINGS. See online help for details.
          c:\program files\microsoft visual studio 10.0\vc\include\string.h(105) : see declaration of 'strcpy'
c:\users\alma\documents\visual studio 2010\projects\scan-for-tokens\scan-for-tokens\scan-for-tokens.cpp(341): warning C4996: 'strcpy': This function or variable may be unsafe. Consider using strcpy_s instead. To disable deprecation, use _CRT_SECURE_NO_WARNINGS. See online help for details.
          c:\program files\microsoft visual studio 10.0\vc\include\string.h(105) : see declaration of 'strcpy'
c:\users\alma\documents\visual studio 2010\projects\scan-for-tokens\scan-for-tokens\scan-for-tokens.cpp(343): warning C4996: 'strcpy': This function or variable may be unsafe. Consider using strcpy_s instead. To disable deprecation, use _CRT_SECURE_NO_WARNINGS. See online help for details.
          c:\program files\microsoft visual studio 10.0\vc\include\string.h(105) : see declaration of 'strcpy'
c:\users\alma\documents\visual studio 2010\projects\scan-for-tokens\scan-for-tokens\scan-for-tokens.cpp(360): warning C4996: 'strcpy': This function or variable may be unsafe. Consider using strcpy_s instead. To disable deprecation, use _CRT_SECURE_NO_WARNINGS. See online help for details.
          c:\program files\microsoft visual studio 10.0\vc\include\string.h(105) : see declaration of 'strcpy'
c:\users\alma\documents\visual studio 2010\projects\scan-for-tokens\scan-for-tokens\scan-for-tokens.cpp(362): warning C4996: 'strcpy': This function or variable may be unsafe. Consider using strcpy_s instead. To disable deprecation, use _CRT_SECURE_NO_WARNINGS. See online help for details.
          c:\program files\microsoft visual studio 10.0\vc\include\string.h(105) : see declaration of 'strcpy'
c:\users\alma\documents\visual studio 2010\projects\scan-for-tokens\scan-for-tokens\scan-for-tokens.cpp(421): warning C4996: 'strcpy': This function or variable may be unsafe. Consider using strcpy_s instead. To disable deprecation, use _CRT_SECURE_NO_WARNINGS. See online help for details.
          c:\program files\microsoft visual studio 10.0\vc\include\string.h(105) : see declaration of 'strcpy'
c:\users\alma\documents\visual studio 2010\projects\scan-for-tokens\scan-for-tokens\scan-for-tokens.cpp(433): warning C4996: 'strcpy': This function or variable may be unsafe. Consider using strcpy_s instead. To disable deprecation, use _CRT_SECURE_NO_WARNINGS. See online help for details.
          c:\program files\microsoft visual studio 10.0\vc\include\string.h(105) : see declaration of 'strcpy'
c:\users\alma\documents\visual studio 2010\projects\scan-for-tokens\scan-for-tokens\scan-for-tokens.cpp(456): warning C4996: 'strcpy': This function or variable may be unsafe. Consider using strcpy_s instead. To disable deprecation, use _CRT_SECURE_NO_WARNINGS. See online help for details.
          c:\program files\microsoft visual studio 10.0\vc\include\string.h(105) : see declaration of 'strcpy'
c:\users\alma\documents\visual studio 2010\projects\scan-for-tokens\scan-for-tokens\scan-for-tokens.cpp(458): warning C4996: 'strcpy': This function or variable may be unsafe. Consider using strcpy_s instead. To disable deprecation, use _CRT_SECURE_NO_WARNINGS. See online help for details.
          c:\program files\microsoft visual studio 10.0\vc\include\string.h(105) : see declaration of 'strcpy'
c:\users\alma\documents\visual studio 2010\projects\scan-for-tokens\scan-for-tokens\scan-for-tokens.cpp(473): warning C4996: 'strcpy': This function or variable may be unsafe. Consider using strcpy_s instead. To disable deprecation, use _CRT_SECURE_NO_WARNINGS. See online help for details.
          c:\program files\microsoft visual studio 10.0\vc\include\string.h(105) : see declaration of 'strcpy'
c:\users\alma\documents\visual studio 2010\projects\scan-for-tokens\scan-for-tokens\scan-for-tokens.cpp(475): warning C4996: 'strcpy': This function or variable may be unsafe. Consider using strcpy_s instead. To disable deprecation, use _CRT_SECURE_NO_WARNINGS. See online help for details.
          c:\program files\microsoft visual studio 10.0\vc\include\string.h(105) : see declaration of 'strcpy'
c:\users\alma\documents\visual studio 2010\projects\scan-for-tokens\scan-for-tokens\scan-for-tokens.cpp(492): warning C4996: 'strcpy': This function or variable may be unsafe. Consider using strcpy_s instead. To disable deprecation, use _CRT_SECURE_NO_WARNINGS. See online help for details.
          c:\program files\microsoft visual studio 10.0\vc\include\string.h(105) : see declaration of 'strcpy'
c:\users\alma\documents\visual studio 2010\projects\scan-for-tokens\scan-for-tokens\scan-for-tokens.cpp(494): warning C4996: 'strcpy': This function or variable may be unsafe. Consider using strcpy_s instead. To disable deprecation, use _CRT_SECURE_NO_WARNINGS. See online help for details.
          c:\program files\microsoft visual studio 10.0\vc\include\string.h(105) : see declaration of 'strcpy'
c:\users\alma\documents\visual studio 2010\projects\scan-for-tokens\scan-for-tokens\scan-for-tokens.cpp(530): warning C4996: 'strcpy': This function or variable may be unsafe. Consider using strcpy_s instead. To disable deprecation, use _CRT_SECURE_NO_WARNINGS. See online help for details.
          c:\program files\microsoft visual studio 10.0\vc\include\string.h(105) : see declaration of 'strcpy'
c:\users\alma\documents\visual studio 2010\projects\scan-for-tokens\scan-for-tokens\scan-for-tokens.cpp(578): warning C4996: 'strcpy': This function or variable may be unsafe. Consider using strcpy_s instead. To disable deprecation, use _CRT_SECURE_NO_WARNINGS. See online help for details.
          c:\program files\microsoft visual studio 10.0\vc\include\string.h(105) : see declaration of 'strcpy'
c:\users\alma\documents\visual studio 2010\projects\scan-for-tokens\scan-for-tokens\scan-for-tokens.cpp(640): warning C4996: 'strcpy': This function or variable may be unsafe. Consider using strcpy_s instead. To disable deprecation, use _CRT_SECURE_NO_WARNINGS. See online help for details.
          c:\program files\microsoft visual studio 10.0\vc\include\string.h(105) : see declaration of 'strcpy'
c:\users\alma\documents\visual studio 2010\projects\scan-for-tokens\scan-for-tokens\scan-for-tokens.cpp(661): warning C4996: 'strcpy': This function or variable may be unsafe. Consider using strcpy_s instead. To disable deprecation, use _CRT_SECURE_NO_WARNINGS. See online help for details.
          c:\program files\microsoft visual studio 10.0\vc\include\string.h(105) : see declaration of 'strcpy'
c:\users\alma\documents\visual studio 2010\projects\scan-for-tokens\scan-for-tokens\scan-for-tokens.cpp(663): warning C4996: 'strcpy': This function or variable may be unsafe. Consider using strcpy_s instead. To disable deprecation, use _CRT_SECURE_NO_WARNINGS. See online help for details.
          c:\program files\microsoft visual studio 10.0\vc\include\string.h(105) : see declaration of 'strcpy'
c:\users\alma\documents\visual studio 2010\projects\scan-for-tokens\scan-for-tokens\scan-for-tokens.cpp(677): warning C4996: 'strcpy': This function or variable may be unsafe. Consider using strcpy_s instead. To disable deprecation, use _CRT_SECURE_NO_WARNINGS. See online help for details.
          c:\program files\microsoft visual studio 10.0\vc\include\string.h(105) : see declaration of 'strcpy'
c:\users\alma\documents\visual studio 2010\projects\scan-for-tokens\scan-for-tokens\scan-for-tokens.cpp(679): warning C4996: 'strcpy': This function or variable may be unsafe. Consider using strcpy_s instead. To disable deprecation, use _CRT_SECURE_NO_WARNINGS. See online help for details.
          c:\program files\microsoft visual studio 10.0\vc\include\string.h(105) : see declaration of 'strcpy'
c:\users\alma\documents\visual studio 2010\projects\scan-for-tokens\scan-for-tokens\scan-for-tokens.cpp(695): warning C4996: 'strcpy': This function or variable may be unsafe. Consider using strcpy_s instead. To disable deprecation, use _CRT_SECURE_NO_WARNINGS. See online help for details.
          c:\program files\microsoft visual studio 10.0\vc\include\string.h(105) : see declaration of 'strcpy'
c:\users\alma\documents\visual studio 2010\projects\scan-for-tokens\scan-for-tokens\scan-for-tokens.cpp(697): warning C4996: 'strcpy': This function or variable may be unsafe. Consider using strcpy_s instead. To disable deprecation, use _CRT_SECURE_NO_WARNINGS. See online help for details.
          c:\program files\microsoft visual studio 10.0\vc\include\string.h(105) : see declaration of 'strcpy'
c:\users\alma\documents\visual studio 2010\projects\scan-for-tokens\scan-for-tokens\scan-for-tokens.cpp(716): warning C4996: 'strcpy': This function or variable may be unsafe. Consider using strcpy_s instead. To disable deprecation, use _CRT_SECURE_NO_WARNINGS. See online help for details.
          c:\program files\microsoft visual studio 10.0\vc\include\string.h(105) : see declaration of 'strcpy'
c:\users\alma\documents\visual studio 2010\projects\scan-for-tokens\scan-for-tokens\scan-for-tokens.cpp(718): warning C4996: 'strcpy': This function or variable may be unsafe. Consider using strcpy_s instead. To disable deprecation, use _CRT_SECURE_NO_WARNINGS. See online help for details.
          c:\program files\microsoft visual studio 10.0\vc\include\string.h(105) : see declaration of 'strcpy'
c:\users\alma\documents\visual studio 2010\projects\scan-for-tokens\scan-for-tokens\scan-for-tokens.cpp(736): warning C4996: 'strcpy': This function or variable may be unsafe. Consider using strcpy_s instead. To disable deprecation, use _CRT_SECURE_NO_WARNINGS. See online help for details.
          c:\program files\microsoft visual studio 10.0\vc\include\string.h(105) : see declaration of 'strcpy'
c:\users\alma\documents\visual studio 2010\projects\scan-for-tokens\scan-for-tokens\scan-for-tokens.cpp(738): warning C4996: 'strcpy': This function or variable may be unsafe. Consider using strcpy_s instead. To disable deprecation, use _CRT_SECURE_NO_WARNINGS. See online help for details.
          c:\program files\microsoft visual studio 10.0\vc\include\string.h(105) : see declaration of 'strcpy'
c:\users\alma\documents\visual studio 2010\projects\scan-for-tokens\scan-for-tokens\scan-for-tokens.cpp(757): warning C4996: 'strcpy': This function or variable may be unsafe. Consider using strcpy_s instead. To disable deprecation, use _CRT_SECURE_NO_WARNINGS. See online help for details.
          c:\program files\microsoft visual studio 10.0\vc\include\string.h(105) : see declaration of 'strcpy'
c:\users\alma\documents\visual studio 2010\projects\scan-for-tokens\scan-for-tokens\scan-for-tokens.cpp(759): warning C4996: 'strcpy': This function or variable may be unsafe. Consider using strcpy_s instead. To disable deprecation, use _CRT_SECURE_NO_WARNINGS. See online help for details.
          c:\program files\microsoft visual studio 10.0\vc\include\string.h(105) : see declaration of 'strcpy'
c:\users\alma\documents\visual studio 2010\projects\scan-for-tokens\scan-for-tokens\scan-for-tokens.cpp(775): warning C4996: 'strcpy': This function or variable may be unsafe. Consider using strcpy_s instead. To disable deprecation, use _CRT_SECURE_NO_WARNINGS. See online help for details.
          c:\program files\microsoft visual studio 10.0\vc\include\string.h(105) : see declaration of 'strcpy'
c:\users\alma\documents\visual studio 2010\projects\scan-for-tokens\scan-for-tokens\scan-for-tokens.cpp(777): warning C4996: 'strcpy': This function or variable may be unsafe. Consider using strcpy_s instead. To disable deprecation, use _CRT_SECURE_NO_WARNINGS. See online help for details.
          c:\program files\microsoft visual studio 10.0\vc\include\string.h(105) : see declaration of 'strcpy'
c:\users\alma\documents\visual studio 2010\projects\scan-for-tokens\scan-for-tokens\scan-for-tokens.cpp(796): warning C4996: 'strcpy': This function or variable may be unsafe. Consider using strcpy_s instead. To disable deprecation, use _CRT_SECURE_NO_WARNINGS. See online help for details.
          c:\program files\microsoft visual studio 10.0\vc\include\string.h(105) : see declaration of 'strcpy'
c:\users\alma\documents\visual studio 2010\projects\scan-for-tokens\scan-for-tokens\scan-for-tokens.cpp(798): warning C4996: 'strcpy': This function or variable may be unsafe. Consider using strcpy_s instead. To disable deprecation, use _CRT_SECURE_NO_WARNINGS. See online help for details.
          c:\program files\microsoft visual studio 10.0\vc\include\string.h(105) : see declaration of 'strcpy'
c:\users\alma\documents\visual studio 2010\projects\scan-for-tokens\scan-for-tokens\scan-for-tokens.cpp(814): warning C4996: 'strcpy': This function or variable may be unsafe. Consider using strcpy_s instead. To disable deprecation, use _CRT_SECURE_NO_WARNINGS. See online help for details.
          c:\program files\microsoft visual studio 10.0\vc\include\string.h(105) : see declaration of 'strcpy'
c:\users\alma\documents\visual studio 2010\projects\scan-for-tokens\scan-for-tokens\scan-for-tokens.cpp(816): warning C4996: 'strcpy': This function or variable may be unsafe. Consider using strcpy_s instead. To disable deprecation, use _CRT_SECURE_NO_WARNINGS. See online help for details.
          c:\program files\microsoft visual studio 10.0\vc\include\string.h(105) : see declaration of 'strcpy'
c:\users\alma\documents\visual studio 2010\projects\scan-for-tokens\scan-for-tokens\scan-for-tokens.cpp(835): warning C4996: 'strcpy': This function or variable may be unsafe. Consider using strcpy_s instead. To disable deprecation, use _CRT_SECURE_NO_WARNINGS. See online help for details.
          c:\program files\microsoft visual studio 10.0\vc\include\string.h(105) : see declaration of 'strcpy'
c:\users\alma\documents\visual studio 2010\projects\scan-for-tokens\scan-for-tokens\scan-for-tokens.cpp(837): warning C4996: 'strcpy': This function or variable may be unsafe. Consider using strcpy_s instead. To disable deprecation, use _CRT_SECURE_NO_WARNINGS. See online help for details.
          c:\program files\microsoft visual studio 10.0\vc\include\string.h(105) : see declaration of 'strcpy'
c:\users\alma\documents\visual studio 2010\projects\scan-for-tokens\scan-for-tokens\scan-for-tokens.cpp(853): warning C4996: 'strcpy': This function or variable may be unsafe. Consider using strcpy_s instead. To disable deprecation, use _CRT_SECURE_NO_WARNINGS. See online help for details.
          c:\program files\microsoft visual studio 10.0\vc\include\string.h(105) : see declaration of 'strcpy'
c:\users\alma\documents\visual studio 2010\projects\scan-for-tokens\scan-for-tokens\scan-for-tokens.cpp(855): warning C4996: 'strcpy': This function or variable may be unsafe. Consider using strcpy_s instead. To disable deprecation, use _CRT_SECURE_NO_WARNINGS. See online help for details.
          c:\program files\microsoft visual studio 10.0\vc\include\string.h(105) : see declaration of 'strcpy'
c:\users\alma\documents\visual studio 2010\projects\scan-for-tokens\scan-for-tokens\scan-for-tokens.cpp(875): warning C4996: 'strcpy': This function or variable may be unsafe. Consider using strcpy_s instead. To disable deprecation, use _CRT_SECURE_NO_WARNINGS. See online help for details.
          c:\program files\microsoft visual studio 10.0\vc\include\string.h(105) : see declaration of 'strcpy'
c:\users\alma\documents\visual studio 2010\projects\scan-for-tokens\scan-for-tokens\scan-for-tokens.cpp(877): warning C4996: 'strcpy': This function or variable may be unsafe. Consider using strcpy_s instead. To disable deprecation, use _CRT_SECURE_NO_WARNINGS. See online help for details.
          c:\program files\microsoft visual studio 10.0\vc\include\string.h(105) : see declaration of 'strcpy'
c:\users\alma\documents\visual studio 2010\projects\scan-for-tokens\scan-for-tokens\scan-for-tokens.cpp(893): warning C4996: 'strcpy': This function or variable may be unsafe. Consider using strcpy_s instead. To disable deprecation, use _CRT_SECURE_NO_WARNINGS. See online help for details.
          c:\program files\microsoft visual studio 10.0\vc\include\string.h(105) : see declaration of 'strcpy'
c:\users\alma\documents\visual studio 2010\projects\scan-for-tokens\scan-for-tokens\scan-for-tokens.cpp(895): warning C4996: 'strcpy': This function or variable may be unsafe. Consider using strcpy_s instead. To disable deprecation, use _CRT_SECURE_NO_WARNINGS. See online help for details.
          c:\program files\microsoft visual studio 10.0\vc\include\string.h(105) : see declaration of 'strcpy'
c:\users\alma\documents\visual studio 2010\projects\scan-for-tokens\scan-for-tokens\scan-for-tokens.cpp(927): warning C4996: 'strcpy': This function or variable may be unsafe. Consider using strcpy_s instead. To disable deprecation, use _CRT_SECURE_NO_WARNINGS. See online help for details.
          c:\program files\microsoft visual studio 10.0\vc\include\string.h(105) : see declaration of 'strcpy'
c:\users\alma\documents\visual studio 2010\projects\scan-for-tokens\scan-for-tokens\scan-for-tokens.cpp(929): warning C4996: 'strcpy': This function or variable may be unsafe. Consider using strcpy_s instead. To disable deprecation, use _CRT_SECURE_NO_WARNINGS. See online help for details.
          c:\program files\microsoft visual studio 10.0\vc\include\string.h(105) : see declaration of 'strcpy'
c:\users\alma\documents\visual studio 2010\projects\scan-for-tokens\scan-for-tokens\scan-for-tokens.cpp(1014): warning C4996: 'strcpy': This function or variable may be unsafe. Consider using strcpy_s instead. To disable deprecation, use _CRT_SECURE_NO_WARNINGS. See online help for details.
          c:\program files\microsoft visual studio 10.0\vc\include\string.h(105) : see declaration of 'strcpy'
c:\users\alma\documents\visual studio 2010\projects\scan-for-tokens\scan-for-tokens\scan-for-tokens.cpp(1052): warning C4996: 'getch': The POSIX name for this item is deprecated. Instead, use the ISO C++ conformant name: _getch. See online help for details.
          c:\program files\microsoft visual studio 10.0\vc\include\conio.h(128) : see declaration of 'getch'
c:\users\alma\documents\visual studio 2010\projects\scan-for-tokens\scan-for-tokens\scan-for-tokens.cpp(40): warning C4101: 'A' : unreferenced local variable
c:\users\alma\documents\visual studio 2010\projects\scan-for-tokens\scan-for-tokens\scan-for-tokens.cpp(28): warning C4101: 'c' : unreferenced local variable
ManifestResourceCompile:
  All outputs are up-to-date.
Link:
  C:\Program Files\Microsoft Visual Studio 10.0\VC\bin\link.exe /ERRORREPORT:PROMPT /OUT:"c:\users\alma\documents\visual studio 2010\Projects\scan-for-tokens\Debug\scan-for-tokens.exe" /INCREMENTAL /NOLOGO kernel32.lib user32.lib gdi32.lib winspool.lib comdlg32.lib advapi32.lib shell32.lib ole32.lib oleaut32.lib uuid.lib odbc32.lib odbccp32.lib /MANIFEST /ManifestFile:"Debug\scan-for-tokens.exe.intermediate.manifest" /MANIFESTUAC:"level='asInvoker' uiAccess='false'" /DEBUG /PDB:"c:\users\alma\documents\visual studio 2010\Projects\scan-for-tokens\Debug\scan-for-tokens.pdb" /SUBSYSTEM:CONSOLE /TLBID:1 /DYNAMICBASE /NXCOMPAT /IMPLIB:"c:\users\alma\documents\visual studio 2010\Projects\scan-for-tokens\Debug\scan-for-tokens.lib" /MACHINE:X86 "Debug\scan-for-tokens.exe.embed.manifest.res"
  "Debug\scan-for-tokens.obj"
  Debug\stdafx.obj
Manifest:
  C:\Program Files\Microsoft SDKs\Windows\v7.0A\bin\mt.exe /nologo /verbose /out:"Debug\scan-for-tokens.exe.embed.manifest" /manifest "Debug\scan-for-tokens.exe.intermediate.manifest"
  All outputs are up-to-date.
LinkEmbedManifest:
  All outputs are up-to-date.
  scan-for-tokens.vcxproj -> c:\users\alma\documents\visual studio 2010\Projects\scan-for-tokens\Debug\scan-for-tokens.exe
FinalizeBuildStatus:
  Deleting file "Debug\scan-for-tokens.unsuccessfulbuild".
  Touching "Debug\scan-for-tokens.lastbuildstate".
Done Building Project "c:\Users\Alma\documents\visual studio 2010\Projects\scan-for-tokens\scan-for-tokens\scan-for-tokens.vcxproj" (build target(s)).

Build succeeded.

Time Elapsed 00:00:04.34
